{"C:\\Users\\Егор Александрович\\Desktop\\IT\\проеты\\stellar-burgers\\src\\services\\rootReducer.ts": {"path":"C:\\Users\\Егор Александрович\\Desktop\\IT\\проеты\\stellar-burgers\\src\\services\\rootReducer.ts","statementMap":{"0":{"start":{"line":1,"column":0},"end":{"line":1,"column":51}},"1":{"start":{"line":2,"column":0},"end":{"line":2,"column":59}},"2":{"start":{"line":3,"column":0},"end":{"line":3,"column":46}},"3":{"start":{"line":4,"column":0},"end":{"line":4,"column":45}},"4":{"start":{"line":5,"column":0},"end":{"line":5,"column":47}},"5":{"start":{"line":7,"column":13},"end":{"line":12,"column":3}}},"fnMap":{},"branchMap":{},"s":{"0":1,"1":1,"2":1,"3":1,"4":1,"5":1},"f":{},"b":{}}
,"C:\\Users\\Егор Александрович\\Desktop\\IT\\проеты\\stellar-burgers\\src\\services\\slices\\feedSlice.ts": {"path":"C:\\Users\\Егор Александрович\\Desktop\\IT\\проеты\\stellar-burgers\\src\\services\\slices\\feedSlice.ts","statementMap":{"0":{"start":{"line":1,"column":0},"end":{"line":1,"column":53}},"1":{"start":{"line":2,"column":0},"end":{"line":2,"column":65}},"2":{"start":{"line":5,"column":13},"end":{"line":5,"column":74}},"3":{"start":{"line":14,"column":33},"end":{"line":19,"column":2}},"4":{"start":{"line":21,"column":13},"end":{"line":43,"column":3}},"5":{"start":{"line":26,"column":29},"end":{"line":26,"column":null}},"6":{"start":{"line":27,"column":32},"end":{"line":27,"column":null}},"7":{"start":{"line":30,"column":4},"end":{"line":33,"column":7}},"8":{"start":{"line":31,"column":6},"end":{"line":31,"column":29}},"9":{"start":{"line":32,"column":6},"end":{"line":32,"column":30}},"10":{"start":{"line":34,"column":4},"end":{"line":37,"column":7}},"11":{"start":{"line":35,"column":6},"end":{"line":35,"column":30}},"12":{"start":{"line":36,"column":6},"end":{"line":36,"column":41}},"13":{"start":{"line":38,"column":4},"end":{"line":41,"column":7}},"14":{"start":{"line":39,"column":6},"end":{"line":39,"column":30}},"15":{"start":{"line":40,"column":6},"end":{"line":40,"column":40}},"16":{"start":{"line":45,"column":15},"end":{"line":45,"column":49}},"17":{"start":{"line":47,"column":0},"end":{"line":47,"column":33}}},"fnMap":{"0":{"name":"(anonymous_0)","decl":{"start":{"line":26,"column":18},"end":{"line":26,"column":19}},"loc":{"start":{"line":26,"column":24},"end":{"line":26,"column":34}}},"1":{"name":"(anonymous_1)","decl":{"start":{"line":27,"column":21},"end":{"line":27,"column":22}},"loc":{"start":{"line":27,"column":27},"end":{"line":27,"column":37}}},"2":{"name":"(anonymous_2)","decl":{"start":{"line":29,"column":17},"end":{"line":29,"column":18}},"loc":{"start":{"line":29,"column":25},"end":{"line":42,"column":3}}},"3":{"name":"(anonymous_3)","decl":{"start":{"line":30,"column":42},"end":{"line":30,"column":43}},"loc":{"start":{"line":30,"column":48},"end":{"line":33,"column":5}}},"4":{"name":"(anonymous_4)","decl":{"start":{"line":34,"column":43},"end":{"line":34,"column":44}},"loc":{"start":{"line":34,"column":57},"end":{"line":37,"column":5}}},"5":{"name":"(anonymous_5)","decl":{"start":{"line":38,"column":44},"end":{"line":38,"column":45}},"loc":{"start":{"line":38,"column":58},"end":{"line":41,"column":5}}}},"branchMap":{},"s":{"0":2,"1":2,"2":2,"3":2,"4":2,"5":0,"6":0,"7":2,"8":2,"9":2,"10":2,"11":1,"12":1,"13":2,"14":1,"15":1,"16":2,"17":2},"f":{"0":0,"1":0,"2":2,"3":2,"4":1,"5":1},"b":{}}
,"C:\\Users\\Егор Александрович\\Desktop\\IT\\проеты\\stellar-burgers\\src\\services\\slices\\ingredientsSlice.ts": {"path":"C:\\Users\\Егор Александрович\\Desktop\\IT\\проеты\\stellar-burgers\\src\\services\\slices\\ingredientsSlice.ts","statementMap":{"0":{"start":{"line":1,"column":0},"end":{"line":1,"column":59}},"1":{"start":{"line":2,"column":0},"end":{"line":2,"column":null}},"2":{"start":{"line":14,"column":13},"end":{"line":17,"column":2}},"3":{"start":{"line":26,"column":39},"end":{"line":34,"column":2}},"4":{"start":{"line":36,"column":13},"end":{"line":101,"column":3}},"5":{"start":{"line":42,"column":8},"end":{"line":47,"column":9}},"6":{"start":{"line":43,"column":10},"end":{"line":43,"column":53}},"7":{"start":{"line":45,"column":10},"end":{"line":46,"column":71}},"8":{"start":{"line":50,"column":19},"end":{"line":50,"column":27}},"9":{"start":{"line":51,"column":8},"end":{"line":51,"column":50}},"10":{"start":{"line":55,"column":6},"end":{"line":58,"column":10}},"11":{"start":{"line":57,"column":20},"end":{"line":57,"column":null}},"12":{"start":{"line":64,"column":26},"end":{"line":64,"column":67}},"13":{"start":{"line":65,"column":35},"end":{"line":65,"column":49}},"14":{"start":{"line":65,"column":19},"end":{"line":65,"column":21}},"15":{"start":{"line":65,"column":30},"end":{"line":65,"column":35}},"16":{"start":{"line":67,"column":19},"end":{"line":67,"column":46}},"17":{"start":{"line":68,"column":6},"end":{"line":68,"column":62}},"18":{"start":{"line":73,"column":6},"end":{"line":73,"column":57}},"19":{"start":{"line":76,"column":6},"end":{"line":79,"column":8}},"20":{"start":{"line":83,"column":31},"end":{"line":83,"column":null}},"21":{"start":{"line":84,"column":32},"end":{"line":84,"column":null}},"22":{"start":{"line":85,"column":35},"end":{"line":85,"column":null}},"23":{"start":{"line":88,"column":4},"end":{"line":91,"column":7}},"24":{"start":{"line":89,"column":6},"end":{"line":89,"column":29}},"25":{"start":{"line":90,"column":6},"end":{"line":90,"column":30}},"26":{"start":{"line":92,"column":4},"end":{"line":95,"column":7}},"27":{"start":{"line":93,"column":6},"end":{"line":93,"column":30}},"28":{"start":{"line":94,"column":6},"end":{"line":94,"column":41}},"29":{"start":{"line":96,"column":4},"end":{"line":99,"column":7}},"30":{"start":{"line":97,"column":6},"end":{"line":97,"column":30}},"31":{"start":{"line":98,"column":6},"end":{"line":98,"column":41}},"32":{"start":{"line":103,"column":15},"end":{"line":103,"column":null}},"33":{"start":{"line":106,"column":2},"end":{"line":109,"column":null}},"34":{"start":{"line":111,"column":0},"end":{"line":111,"column":40}}},"fnMap":{"0":{"name":"(anonymous_3)","decl":{"start":{"line":41,"column":15},"end":{"line":41,"column":16}},"loc":{"start":{"line":41,"column":68},"end":{"line":48,"column":7}}},"1":{"name":"(anonymous_4)","decl":{"start":{"line":49,"column":15},"end":{"line":49,"column":16}},"loc":{"start":{"line":49,"column":39},"end":{"line":52,"column":7}}},"2":{"name":"(anonymous_5)","decl":{"start":{"line":54,"column":22},"end":{"line":54,"column":23}},"loc":{"start":{"line":54,"column":36},"end":{"line":59,"column":5}}},"3":{"name":"(anonymous_6)","decl":{"start":{"line":57,"column":10},"end":{"line":57,"column":11}},"loc":{"start":{"line":57,"column":15},"end":{"line":57,"column":24}}},"4":{"name":"(anonymous_7)","decl":{"start":{"line":60,"column":22},"end":{"line":60,"column":null}},"loc":{"start":{"line":62,"column":72},"end":{"line":74,"column":5}}},"5":{"name":"(anonymous_8)","decl":{"start":{"line":75,"column":22},"end":{"line":75,"column":23}},"loc":{"start":{"line":75,"column":28},"end":{"line":80,"column":5}}},"6":{"name":"(anonymous_9)","decl":{"start":{"line":83,"column":20},"end":{"line":83,"column":21}},"loc":{"start":{"line":83,"column":26},"end":{"line":83,"column":36}}},"7":{"name":"(anonymous_10)","decl":{"start":{"line":84,"column":21},"end":{"line":84,"column":22}},"loc":{"start":{"line":84,"column":27},"end":{"line":84,"column":37}}},"8":{"name":"(anonymous_11)","decl":{"start":{"line":85,"column":24},"end":{"line":85,"column":25}},"loc":{"start":{"line":85,"column":30},"end":{"line":85,"column":40}}},"9":{"name":"(anonymous_12)","decl":{"start":{"line":87,"column":17},"end":{"line":87,"column":18}},"loc":{"start":{"line":87,"column":25},"end":{"line":100,"column":3}}},"10":{"name":"(anonymous_13)","decl":{"start":{"line":88,"column":49},"end":{"line":88,"column":50}},"loc":{"start":{"line":88,"column":55},"end":{"line":91,"column":5}}},"11":{"name":"(anonymous_14)","decl":{"start":{"line":92,"column":50},"end":{"line":92,"column":51}},"loc":{"start":{"line":92,"column":64},"end":{"line":95,"column":5}}},"12":{"name":"(anonymous_15)","decl":{"start":{"line":96,"column":51},"end":{"line":96,"column":52}},"loc":{"start":{"line":96,"column":65},"end":{"line":99,"column":5}}}},"branchMap":{"0":{"loc":{"start":{"line":42,"column":8},"end":{"line":47,"column":9}},"type":"if","locations":[{"start":{"line":42,"column":8},"end":{"line":47,"column":9}},{"start":{"line":44,"column":15},"end":{"line":47,"column":9}}]},"1":{"loc":{"start":{"line":67,"column":19},"end":{"line":67,"column":46}},"type":"cond-expr","locations":[{"start":{"line":67,"column":40},"end":{"line":67,"column":42}},{"start":{"line":67,"column":45},"end":{"line":67,"column":46}}]}},"s":{"0":3,"1":3,"2":3,"3":3,"4":3,"5":1,"6":0,"7":1,"8":1,"9":1,"10":1,"11":2,"12":2,"13":2,"14":2,"15":2,"16":2,"17":2,"18":2,"19":0,"20":0,"21":0,"22":0,"23":3,"24":2,"25":2,"26":3,"27":1,"28":1,"29":3,"30":1,"31":1,"32":3,"33":3,"34":3},"f":{"0":1,"1":1,"2":1,"3":2,"4":2,"5":0,"6":0,"7":0,"8":0,"9":3,"10":2,"11":1,"12":1},"b":{"0":[0,1],"1":[1,1]}}
,"C:\\Users\\Егор Александрович\\Desktop\\IT\\проеты\\stellar-burgers\\src\\services\\slices\\orderSlice.ts": {"path":"C:\\Users\\Егор Александрович\\Desktop\\IT\\проеты\\stellar-burgers\\src\\services\\slices\\orderSlice.ts","statementMap":{"0":{"start":{"line":1,"column":0},"end":{"line":1,"column":null}},"1":{"start":{"line":6,"column":0},"end":{"line":6,"column":65}},"2":{"start":{"line":9,"column":13},"end":{"line":12,"column":2}},"3":{"start":{"line":11,"column":32},"end":{"line":11,"column":null}},"4":{"start":{"line":11,"column":37},"end":{"line":11,"column":null}},"5":{"start":{"line":14,"column":13},"end":{"line":17,"column":2}},"6":{"start":{"line":16,"column":19},"end":{"line":16,"column":null}},"7":{"start":{"line":16,"column":24},"end":{"line":16,"column":null}},"8":{"start":{"line":19,"column":13},"end":{"line":19,"column":80}},"9":{"start":{"line":29,"column":33},"end":{"line":35,"column":2}},"10":{"start":{"line":37,"column":13},"end":{"line":87,"column":3}},"11":{"start":{"line":42,"column":33},"end":{"line":42,"column":null}},"12":{"start":{"line":43,"column":32},"end":{"line":43,"column":null}},"13":{"start":{"line":44,"column":35},"end":{"line":44,"column":null}},"14":{"start":{"line":45,"column":26},"end":{"line":45,"column":null}},"15":{"start":{"line":48,"column":4},"end":{"line":51,"column":7}},"16":{"start":{"line":49,"column":6},"end":{"line":49,"column":29}},"17":{"start":{"line":50,"column":6},"end":{"line":50,"column":30}},"18":{"start":{"line":52,"column":4},"end":{"line":55,"column":7}},"19":{"start":{"line":53,"column":6},"end":{"line":53,"column":30}},"20":{"start":{"line":54,"column":6},"end":{"line":54,"column":41}},"21":{"start":{"line":56,"column":4},"end":{"line":59,"column":7}},"22":{"start":{"line":57,"column":6},"end":{"line":57,"column":30}},"23":{"start":{"line":58,"column":6},"end":{"line":58,"column":50}},"24":{"start":{"line":61,"column":4},"end":{"line":64,"column":7}},"25":{"start":{"line":62,"column":6},"end":{"line":62,"column":29}},"26":{"start":{"line":63,"column":6},"end":{"line":63,"column":30}},"27":{"start":{"line":65,"column":4},"end":{"line":68,"column":7}},"28":{"start":{"line":66,"column":6},"end":{"line":66,"column":30}},"29":{"start":{"line":67,"column":6},"end":{"line":67,"column":41}},"30":{"start":{"line":69,"column":4},"end":{"line":72,"column":7}},"31":{"start":{"line":70,"column":6},"end":{"line":70,"column":30}},"32":{"start":{"line":71,"column":6},"end":{"line":71,"column":54}},"33":{"start":{"line":74,"column":4},"end":{"line":77,"column":7}},"34":{"start":{"line":75,"column":6},"end":{"line":75,"column":29}},"35":{"start":{"line":76,"column":6},"end":{"line":76,"column":30}},"36":{"start":{"line":78,"column":4},"end":{"line":81,"column":7}},"37":{"start":{"line":79,"column":6},"end":{"line":79,"column":30}},"38":{"start":{"line":80,"column":6},"end":{"line":80,"column":41}},"39":{"start":{"line":82,"column":4},"end":{"line":85,"column":7}},"40":{"start":{"line":83,"column":6},"end":{"line":83,"column":30}},"41":{"start":{"line":84,"column":6},"end":{"line":84,"column":36}},"42":{"start":{"line":90,"column":2},"end":{"line":93,"column":null}},"43":{"start":{"line":96,"column":0},"end":{"line":96,"column":34}}},"fnMap":{"0":{"name":"(anonymous_13)","decl":{"start":{"line":11,"column":2},"end":{"line":11,"column":9}},"loc":{"start":{"line":11,"column":32},"end":{"line":11,"column":null}}},"1":{"name":"(anonymous_14)","decl":{"start":{"line":11,"column":32},"end":{"line":11,"column":37}},"loc":{"start":{"line":11,"column":32},"end":{"line":11,"column":null}}},"2":{"name":"(anonymous_16)","decl":{"start":{"line":16,"column":2},"end":{"line":16,"column":9}},"loc":{"start":{"line":16,"column":19},"end":{"line":16,"column":null}}},"3":{"name":"(anonymous_17)","decl":{"start":{"line":16,"column":19},"end":{"line":16,"column":24}},"loc":{"start":{"line":16,"column":19},"end":{"line":16,"column":null}}},"4":{"name":"(anonymous_19)","decl":{"start":{"line":42,"column":22},"end":{"line":42,"column":23}},"loc":{"start":{"line":42,"column":28},"end":{"line":42,"column":38}}},"5":{"name":"(anonymous_20)","decl":{"start":{"line":43,"column":21},"end":{"line":43,"column":22}},"loc":{"start":{"line":43,"column":27},"end":{"line":43,"column":37}}},"6":{"name":"(anonymous_21)","decl":{"start":{"line":44,"column":24},"end":{"line":44,"column":25}},"loc":{"start":{"line":44,"column":30},"end":{"line":44,"column":40}}},"7":{"name":"(anonymous_22)","decl":{"start":{"line":45,"column":15},"end":{"line":45,"column":16}},"loc":{"start":{"line":45,"column":21},"end":{"line":45,"column":31}}},"8":{"name":"(anonymous_23)","decl":{"start":{"line":47,"column":17},"end":{"line":47,"column":18}},"loc":{"start":{"line":47,"column":25},"end":{"line":86,"column":3}}},"9":{"name":"(anonymous_24)","decl":{"start":{"line":48,"column":40},"end":{"line":48,"column":41}},"loc":{"start":{"line":48,"column":46},"end":{"line":51,"column":5}}},"10":{"name":"(anonymous_25)","decl":{"start":{"line":52,"column":41},"end":{"line":52,"column":42}},"loc":{"start":{"line":52,"column":55},"end":{"line":55,"column":5}}},"11":{"name":"(anonymous_26)","decl":{"start":{"line":56,"column":42},"end":{"line":56,"column":43}},"loc":{"start":{"line":56,"column":56},"end":{"line":59,"column":5}}},"12":{"name":"(anonymous_27)","decl":{"start":{"line":61,"column":43},"end":{"line":61,"column":44}},"loc":{"start":{"line":61,"column":49},"end":{"line":64,"column":5}}},"13":{"name":"(anonymous_28)","decl":{"start":{"line":65,"column":44},"end":{"line":65,"column":45}},"loc":{"start":{"line":65,"column":58},"end":{"line":68,"column":5}}},"14":{"name":"(anonymous_29)","decl":{"start":{"line":69,"column":45},"end":{"line":69,"column":46}},"loc":{"start":{"line":69,"column":59},"end":{"line":72,"column":5}}},"15":{"name":"(anonymous_30)","decl":{"start":{"line":74,"column":44},"end":{"line":74,"column":45}},"loc":{"start":{"line":74,"column":50},"end":{"line":77,"column":5}}},"16":{"name":"(anonymous_31)","decl":{"start":{"line":78,"column":45},"end":{"line":78,"column":46}},"loc":{"start":{"line":78,"column":59},"end":{"line":81,"column":5}}},"17":{"name":"(anonymous_32)","decl":{"start":{"line":82,"column":46},"end":{"line":82,"column":47}},"loc":{"start":{"line":82,"column":60},"end":{"line":85,"column":5}}}},"branchMap":{},"s":{"0":2,"1":2,"2":2,"3":0,"4":0,"5":2,"6":2,"7":1,"8":2,"9":2,"10":2,"11":0,"12":0,"13":0,"14":0,"15":2,"16":0,"17":0,"18":2,"19":0,"20":0,"21":2,"22":0,"23":0,"24":2,"25":2,"26":2,"27":2,"28":1,"29":1,"30":2,"31":1,"32":1,"33":2,"34":2,"35":2,"36":2,"37":2,"38":2,"39":2,"40":0,"41":0,"42":2,"43":2},"f":{"0":0,"1":0,"2":1,"3":2,"4":0,"5":0,"6":0,"7":0,"8":2,"9":0,"10":0,"11":0,"12":2,"13":1,"14":1,"15":2,"16":2,"17":0},"b":{}}
,"C:\\Users\\Егор Александрович\\Desktop\\IT\\проеты\\stellar-burgers\\src\\services\\slices\\userSlice.ts": {"path":"C:\\Users\\Егор Александрович\\Desktop\\IT\\проеты\\stellar-burgers\\src\\services\\slices\\userSlice.ts","statementMap":{"0":{"start":{"line":1,"column":0},"end":{"line":1,"column":null}},"1":{"start":{"line":10,"column":0},"end":{"line":10,"column":65}},"2":{"start":{"line":12,"column":0},"end":{"line":12,"column":61}},"3":{"start":{"line":14,"column":13},"end":{"line":17,"column":2}},"4":{"start":{"line":16,"column":32},"end":{"line":16,"column":null}},"5":{"start":{"line":16,"column":37},"end":{"line":16,"column":null}},"6":{"start":{"line":19,"column":13},"end":{"line":22,"column":2}},"7":{"start":{"line":21,"column":29},"end":{"line":21,"column":null}},"8":{"start":{"line":21,"column":34},"end":{"line":21,"column":null}},"9":{"start":{"line":24,"column":13},"end":{"line":24,"column":70}},"10":{"start":{"line":26,"column":13},"end":{"line":26,"column":74}},"11":{"start":{"line":28,"column":13},"end":{"line":31,"column":2}},"12":{"start":{"line":30,"column":37},"end":{"line":30,"column":null}},"13":{"start":{"line":30,"column":42},"end":{"line":30,"column":null}},"14":{"start":{"line":40,"column":32},"end":{"line":45,"column":2}},"15":{"start":{"line":47,"column":13},"end":{"line":111,"column":3}},"16":{"start":{"line":52,"column":24},"end":{"line":52,"column":null}},"17":{"start":{"line":53,"column":25},"end":{"line":53,"column":null}},"18":{"start":{"line":54,"column":29},"end":{"line":54,"column":null}},"19":{"start":{"line":55,"column":32},"end":{"line":55,"column":null}},"20":{"start":{"line":58,"column":4},"end":{"line":61,"column":7}},"21":{"start":{"line":59,"column":6},"end":{"line":59,"column":36}},"22":{"start":{"line":60,"column":6},"end":{"line":60,"column":30}},"23":{"start":{"line":62,"column":4},"end":{"line":65,"column":7}},"24":{"start":{"line":63,"column":6},"end":{"line":63,"column":36}},"25":{"start":{"line":64,"column":6},"end":{"line":64,"column":41}},"26":{"start":{"line":66,"column":4},"end":{"line":72,"column":7}},"27":{"start":{"line":67,"column":6},"end":{"line":67,"column":35}},"28":{"start":{"line":68,"column":6},"end":{"line":68,"column":39}},"29":{"start":{"line":69,"column":6},"end":{"line":69,"column":33}},"30":{"start":{"line":70,"column":6},"end":{"line":70,"column":59}},"31":{"start":{"line":71,"column":6},"end":{"line":71,"column":72}},"32":{"start":{"line":74,"column":4},"end":{"line":77,"column":7}},"33":{"start":{"line":75,"column":6},"end":{"line":75,"column":36}},"34":{"start":{"line":76,"column":6},"end":{"line":76,"column":30}},"35":{"start":{"line":78,"column":4},"end":{"line":81,"column":7}},"36":{"start":{"line":79,"column":6},"end":{"line":79,"column":36}},"37":{"start":{"line":80,"column":6},"end":{"line":80,"column":41}},"38":{"start":{"line":82,"column":4},"end":{"line":87,"column":7}},"39":{"start":{"line":83,"column":6},"end":{"line":83,"column":35}},"40":{"start":{"line":84,"column":6},"end":{"line":84,"column":39}},"41":{"start":{"line":85,"column":6},"end":{"line":85,"column":59}},"42":{"start":{"line":86,"column":6},"end":{"line":86,"column":72}},"43":{"start":{"line":89,"column":4},"end":{"line":93,"column":7}},"44":{"start":{"line":90,"column":6},"end":{"line":90,"column":39}},"45":{"start":{"line":91,"column":6},"end":{"line":91,"column":35}},"46":{"start":{"line":92,"column":6},"end":{"line":92,"column":33}},"47":{"start":{"line":95,"column":4},"end":{"line":99,"column":7}},"48":{"start":{"line":96,"column":6},"end":{"line":96,"column":24}},"49":{"start":{"line":97,"column":6},"end":{"line":97,"column":34}},"50":{"start":{"line":98,"column":6},"end":{"line":98,"column":27}},"51":{"start":{"line":101,"column":4},"end":{"line":103,"column":7}},"52":{"start":{"line":102,"column":6},"end":{"line":102,"column":30}},"53":{"start":{"line":104,"column":4},"end":{"line":106,"column":7}},"54":{"start":{"line":105,"column":6},"end":{"line":105,"column":41}},"55":{"start":{"line":107,"column":4},"end":{"line":109,"column":7}},"56":{"start":{"line":108,"column":6},"end":{"line":108,"column":39}},"57":{"start":{"line":113,"column":15},"end":{"line":113,"column":null}},"58":{"start":{"line":115,"column":0},"end":{"line":115,"column":33}}},"fnMap":{"0":{"name":"(anonymous_13)","decl":{"start":{"line":16,"column":2},"end":{"line":16,"column":9}},"loc":{"start":{"line":16,"column":32},"end":{"line":16,"column":null}}},"1":{"name":"(anonymous_14)","decl":{"start":{"line":16,"column":32},"end":{"line":16,"column":37}},"loc":{"start":{"line":16,"column":32},"end":{"line":16,"column":null}}},"2":{"name":"(anonymous_16)","decl":{"start":{"line":21,"column":2},"end":{"line":21,"column":9}},"loc":{"start":{"line":21,"column":29},"end":{"line":21,"column":null}}},"3":{"name":"(anonymous_17)","decl":{"start":{"line":21,"column":29},"end":{"line":21,"column":34}},"loc":{"start":{"line":21,"column":29},"end":{"line":21,"column":null}}},"4":{"name":"(anonymous_19)","decl":{"start":{"line":30,"column":2},"end":{"line":30,"column":9}},"loc":{"start":{"line":30,"column":37},"end":{"line":30,"column":null}}},"5":{"name":"(anonymous_20)","decl":{"start":{"line":30,"column":37},"end":{"line":30,"column":42}},"loc":{"start":{"line":30,"column":37},"end":{"line":30,"column":null}}},"6":{"name":"(anonymous_22)","decl":{"start":{"line":52,"column":13},"end":{"line":52,"column":14}},"loc":{"start":{"line":52,"column":19},"end":{"line":52,"column":29}}},"7":{"name":"(anonymous_23)","decl":{"start":{"line":53,"column":14},"end":{"line":53,"column":15}},"loc":{"start":{"line":53,"column":20},"end":{"line":53,"column":30}}},"8":{"name":"(anonymous_24)","decl":{"start":{"line":54,"column":18},"end":{"line":54,"column":19}},"loc":{"start":{"line":54,"column":24},"end":{"line":54,"column":34}}},"9":{"name":"(anonymous_25)","decl":{"start":{"line":55,"column":21},"end":{"line":55,"column":22}},"loc":{"start":{"line":55,"column":27},"end":{"line":55,"column":37}}},"10":{"name":"(anonymous_26)","decl":{"start":{"line":57,"column":17},"end":{"line":57,"column":18}},"loc":{"start":{"line":57,"column":25},"end":{"line":110,"column":3}}},"11":{"name":"(anonymous_27)","decl":{"start":{"line":58,"column":47},"end":{"line":58,"column":48}},"loc":{"start":{"line":58,"column":53},"end":{"line":61,"column":5}}},"12":{"name":"(anonymous_28)","decl":{"start":{"line":62,"column":48},"end":{"line":62,"column":49}},"loc":{"start":{"line":62,"column":62},"end":{"line":65,"column":5}}},"13":{"name":"(anonymous_29)","decl":{"start":{"line":66,"column":49},"end":{"line":66,"column":50}},"loc":{"start":{"line":66,"column":63},"end":{"line":72,"column":5}}},"14":{"name":"(anonymous_30)","decl":{"start":{"line":74,"column":44},"end":{"line":74,"column":45}},"loc":{"start":{"line":74,"column":50},"end":{"line":77,"column":5}}},"15":{"name":"(anonymous_31)","decl":{"start":{"line":78,"column":45},"end":{"line":78,"column":46}},"loc":{"start":{"line":78,"column":59},"end":{"line":81,"column":5}}},"16":{"name":"(anonymous_32)","decl":{"start":{"line":82,"column":46},"end":{"line":82,"column":47}},"loc":{"start":{"line":82,"column":60},"end":{"line":87,"column":5}}},"17":{"name":"(anonymous_33)","decl":{"start":{"line":89,"column":44},"end":{"line":89,"column":45}},"loc":{"start":{"line":89,"column":58},"end":{"line":93,"column":5}}},"18":{"name":"(anonymous_34)","decl":{"start":{"line":95,"column":47},"end":{"line":95,"column":48}},"loc":{"start":{"line":95,"column":53},"end":{"line":99,"column":5}}},"19":{"name":"(anonymous_35)","decl":{"start":{"line":101,"column":45},"end":{"line":101,"column":46}},"loc":{"start":{"line":101,"column":51},"end":{"line":103,"column":5}}},"20":{"name":"(anonymous_36)","decl":{"start":{"line":104,"column":46},"end":{"line":104,"column":47}},"loc":{"start":{"line":104,"column":60},"end":{"line":106,"column":5}}},"21":{"name":"(anonymous_37)","decl":{"start":{"line":107,"column":47},"end":{"line":107,"column":48}},"loc":{"start":{"line":107,"column":61},"end":{"line":109,"column":5}}}},"branchMap":{},"s":{"0":1,"1":1,"2":1,"3":1,"4":0,"5":0,"6":1,"7":0,"8":0,"9":1,"10":1,"11":1,"12":0,"13":0,"14":1,"15":1,"16":0,"17":0,"18":0,"19":0,"20":1,"21":0,"22":0,"23":1,"24":0,"25":0,"26":1,"27":0,"28":0,"29":0,"30":0,"31":0,"32":1,"33":0,"34":0,"35":1,"36":0,"37":0,"38":1,"39":0,"40":0,"41":0,"42":0,"43":1,"44":0,"45":0,"46":0,"47":1,"48":0,"49":0,"50":0,"51":1,"52":0,"53":1,"54":0,"55":1,"56":0,"57":1,"58":1},"f":{"0":0,"1":0,"2":0,"3":0,"4":0,"5":0,"6":0,"7":0,"8":0,"9":0,"10":1,"11":0,"12":0,"13":0,"14":0,"15":0,"16":0,"17":0,"18":0,"19":0,"20":0,"21":0},"b":{}}
,"C:\\Users\\Егор Александрович\\Desktop\\IT\\проеты\\stellar-burgers\\src\\utils\\burger-api.ts": {"path":"C:\\Users\\Егор Александрович\\Desktop\\IT\\проеты\\stellar-burgers\\src\\utils\\burger-api.ts","statementMap":{"0":{"start":{"line":1,"column":0},"end":{"line":1,"column":48}},"1":{"start":{"line":5,"column":12},"end":{"line":5,"column":51}},"2":{"start":{"line":7,"column":22},"end":{"line":8,"column":5}},"3":{"start":{"line":8,"column":2},"end":{"line":8,"column":70}},"4":{"start":{"line":8,"column":49},"end":{"line":8,"column":69}},"5":{"start":{"line":19,"column":28},"end":{"line":20,"column":7}},"6":{"start":{"line":20,"column":2},"end":{"line":37,"column":7}},"7":{"start":{"line":29,"column":19},"end":{"line":29,"column":56}},"8":{"start":{"line":31,"column":6},"end":{"line":33,"column":7}},"9":{"start":{"line":32,"column":8},"end":{"line":32,"column":43}},"10":{"start":{"line":34,"column":6},"end":{"line":34,"column":69}},"11":{"start":{"line":35,"column":6},"end":{"line":35,"column":56}},"12":{"start":{"line":36,"column":6},"end":{"line":36,"column":25}},"13":{"start":{"line":19,"column":13},"end":{"line":19,"column":28}},"14":{"start":{"line":39,"column":32},"end":{"line":59,"column":2}},"15":{"start":{"line":41,"column":22},"end":{"line":59,"column":2}},"16":{"start":{"line":44,"column":16},"end":{"line":44,"column":null}},"17":{"start":{"line":44,"column":10},"end":{"line":44,"column":null}},"18":{"start":{"line":45,"column":11},"end":{"line":45,"column":39}},"19":{"start":{"line":45,"column":4},"end":{"line":45,"column":39}},"20":{"start":{"line":47,"column":8},"end":{"line":47,"column":9}},"21":{"start":{"line":48,"column":26},"end":{"line":48,"column":null}},"22":{"start":{"line":48,"column":12},"end":{"line":48,"column":null}},"23":{"start":{"line":49,"column":6},"end":{"line":52,"column":7}},"24":{"start":{"line":50,"column":9},"end":{"line":51,"column":34}},"25":{"start":{"line":53,"column":18},"end":{"line":53,"column":null}},"26":{"start":{"line":53,"column":12},"end":{"line":53,"column":null}},"27":{"start":{"line":54,"column":13},"end":{"line":54,"column":41}},"28":{"start":{"line":54,"column":6},"end":{"line":54,"column":41}},"29":{"start":{"line":56,"column":6},"end":{"line":56,"column":33}},"30":{"start":{"line":39,"column":13},"end":{"line":39,"column":32}},"31":{"start":{"line":75,"column":33},"end":{"line":76,"column":7}},"32":{"start":{"line":76,"column":2},"end":{"line":81,"column":7}},"33":{"start":{"line":77,"column":19},"end":{"line":77,"column":60}},"34":{"start":{"line":79,"column":6},"end":{"line":79,"column":42}},"35":{"start":{"line":79,"column":25},"end":{"line":79,"column":42}},"36":{"start":{"line":80,"column":6},"end":{"line":80,"column":34}},"37":{"start":{"line":75,"column":13},"end":{"line":75,"column":33}},"38":{"start":{"line":83,"column":27},"end":{"line":84,"column":7}},"39":{"start":{"line":84,"column":2},"end":{"line":89,"column":7}},"40":{"start":{"line":85,"column":19},"end":{"line":85,"column":54}},"41":{"start":{"line":87,"column":6},"end":{"line":87,"column":37}},"42":{"start":{"line":87,"column":25},"end":{"line":87,"column":37}},"43":{"start":{"line":88,"column":6},"end":{"line":88,"column":34}},"44":{"start":{"line":83,"column":13},"end":{"line":83,"column":27}},"45":{"start":{"line":91,"column":28},"end":{"line":92,"column":18}},"46":{"start":{"line":92,"column":2},"end":{"line":101,"column":5}},"47":{"start":{"line":99,"column":4},"end":{"line":99,"column":42}},"48":{"start":{"line":99,"column":23},"end":{"line":99,"column":42}},"49":{"start":{"line":100,"column":4},"end":{"line":100,"column":32}},"50":{"start":{"line":91,"column":13},"end":{"line":91,"column":28}},"51":{"start":{"line":108,"column":30},"end":{"line":109,"column":18}},"52":{"start":{"line":109,"column":2},"end":{"line":121,"column":5}},"53":{"start":{"line":119,"column":4},"end":{"line":119,"column":35}},"54":{"start":{"line":119,"column":23},"end":{"line":119,"column":35}},"55":{"start":{"line":120,"column":4},"end":{"line":120,"column":32}},"56":{"start":{"line":108,"column":13},"end":{"line":108,"column":30}},"57":{"start":{"line":127,"column":35},"end":{"line":128,"column":7}},"58":{"start":{"line":128,"column":2},"end":{"line":133,"column":55}},"59":{"start":{"line":133,"column":19},"end":{"line":133,"column":54}},"60":{"start":{"line":127,"column":13},"end":{"line":127,"column":35}},"61":{"start":{"line":147,"column":31},"end":{"line":148,"column":7}},"62":{"start":{"line":148,"column":2},"end":{"line":159,"column":7}},"63":{"start":{"line":155,"column":19},"end":{"line":155,"column":53}},"64":{"start":{"line":157,"column":6},"end":{"line":157,"column":37}},"65":{"start":{"line":157,"column":25},"end":{"line":157,"column":37}},"66":{"start":{"line":158,"column":6},"end":{"line":158,"column":34}},"67":{"start":{"line":147,"column":13},"end":{"line":147,"column":31}},"68":{"start":{"line":166,"column":28},"end":{"line":167,"column":7}},"69":{"start":{"line":167,"column":2},"end":{"line":178,"column":7}},"70":{"start":{"line":174,"column":19},"end":{"line":174,"column":53}},"71":{"start":{"line":176,"column":6},"end":{"line":176,"column":37}},"72":{"start":{"line":176,"column":25},"end":{"line":176,"column":37}},"73":{"start":{"line":177,"column":6},"end":{"line":177,"column":34}},"74":{"start":{"line":166,"column":13},"end":{"line":166,"column":28}},"75":{"start":{"line":180,"column":33},"end":{"line":181,"column":7}},"76":{"start":{"line":181,"column":2},"end":{"line":192,"column":7}},"77":{"start":{"line":188,"column":19},"end":{"line":188,"column":59}},"78":{"start":{"line":190,"column":6},"end":{"line":190,"column":37}},"79":{"start":{"line":190,"column":25},"end":{"line":190,"column":37}},"80":{"start":{"line":191,"column":6},"end":{"line":191,"column":34}},"81":{"start":{"line":180,"column":13},"end":{"line":180,"column":33}},"82":{"start":{"line":194,"column":32},"end":{"line":195,"column":7}},"83":{"start":{"line":195,"column":2},"end":{"line":206,"column":7}},"84":{"start":{"line":202,"column":19},"end":{"line":202,"column":59}},"85":{"start":{"line":204,"column":6},"end":{"line":204,"column":37}},"86":{"start":{"line":204,"column":25},"end":{"line":204,"column":37}},"87":{"start":{"line":205,"column":6},"end":{"line":205,"column":34}},"88":{"start":{"line":194,"column":13},"end":{"line":194,"column":32}},"89":{"start":{"line":210,"column":26},"end":{"line":211,"column":18}},"90":{"start":{"line":211,"column":2},"end":{"line":215,"column":5}},"91":{"start":{"line":210,"column":13},"end":{"line":210,"column":26}},"92":{"start":{"line":217,"column":29},"end":{"line":218,"column":18}},"93":{"start":{"line":218,"column":2},"end":{"line":225,"column":5}},"94":{"start":{"line":217,"column":13},"end":{"line":217,"column":29}},"95":{"start":{"line":227,"column":25},"end":{"line":228,"column":7}},"96":{"start":{"line":228,"column":2},"end":{"line":236,"column":60}},"97":{"start":{"line":236,"column":19},"end":{"line":236,"column":59}},"98":{"start":{"line":227,"column":13},"end":{"line":227,"column":25}}},"fnMap":{"0":{"name":"(anonymous_13)","decl":{"start":{"line":7,"column":22},"end":{"line":7,"column":26}},"loc":{"start":{"line":7,"column":39},"end":{"line":8,"column":5}}},"1":{"name":"(anonymous_14)","decl":{"start":{"line":8,"column":40},"end":{"line":8,"column":41}},"loc":{"start":{"line":8,"column":44},"end":{"line":8,"column":56}}},"2":{"name":"(anonymous_15)","decl":{"start":{"line":19,"column":28},"end":{"line":19,"column":null}},"loc":{"start":{"line":19,"column":28},"end":{"line":20,"column":7}}},"3":{"name":"(anonymous_16)","decl":{"start":{"line":29,"column":10},"end":{"line":29,"column":11}},"loc":{"start":{"line":29,"column":14},"end":{"line":29,"column":32}}},"4":{"name":"(anonymous_17)","decl":{"start":{"line":30,"column":10},"end":{"line":30,"column":11}},"loc":{"start":{"line":30,"column":22},"end":{"line":37,"column":5}}},"5":{"name":"(anonymous_18)","decl":{"start":{"line":39,"column":32},"end":{"line":39,"column":null}},"loc":{"start":{"line":41,"column":22},"end":{"line":59,"column":2}}},"6":{"name":"(anonymous_19)","decl":{"start":{"line":41,"column":22},"end":{"line":41,"column":null}},"loc":{"start":{"line":41,"column":22},"end":{"line":59,"column":2}}},"7":{"name":"(anonymous_21)","decl":{"start":{"line":75,"column":33},"end":{"line":75,"column":null}},"loc":{"start":{"line":75,"column":33},"end":{"line":76,"column":7}}},"8":{"name":"(anonymous_22)","decl":{"start":{"line":77,"column":10},"end":{"line":77,"column":11}},"loc":{"start":{"line":77,"column":14},"end":{"line":77,"column":32}}},"9":{"name":"(anonymous_23)","decl":{"start":{"line":78,"column":10},"end":{"line":78,"column":11}},"loc":{"start":{"line":78,"column":15},"end":{"line":81,"column":5}}},"10":{"name":"(anonymous_24)","decl":{"start":{"line":83,"column":27},"end":{"line":83,"column":null}},"loc":{"start":{"line":83,"column":27},"end":{"line":84,"column":7}}},"11":{"name":"(anonymous_25)","decl":{"start":{"line":85,"column":10},"end":{"line":85,"column":11}},"loc":{"start":{"line":85,"column":14},"end":{"line":85,"column":32}}},"12":{"name":"(anonymous_26)","decl":{"start":{"line":86,"column":10},"end":{"line":86,"column":11}},"loc":{"start":{"line":86,"column":15},"end":{"line":89,"column":5}}},"13":{"name":"(anonymous_27)","decl":{"start":{"line":91,"column":28},"end":{"line":91,"column":null}},"loc":{"start":{"line":91,"column":28},"end":{"line":92,"column":18}}},"14":{"name":"(anonymous_28)","decl":{"start":{"line":98,"column":10},"end":{"line":98,"column":11}},"loc":{"start":{"line":98,"column":15},"end":{"line":101,"column":3}}},"15":{"name":"(anonymous_29)","decl":{"start":{"line":108,"column":30},"end":{"line":108,"column":31}},"loc":{"start":{"line":108,"column":45},"end":{"line":109,"column":18}}},"16":{"name":"(anonymous_30)","decl":{"start":{"line":118,"column":10},"end":{"line":118,"column":11}},"loc":{"start":{"line":118,"column":15},"end":{"line":121,"column":3}}},"17":{"name":"(anonymous_31)","decl":{"start":{"line":127,"column":35},"end":{"line":127,"column":36}},"loc":{"start":{"line":127,"column":50},"end":{"line":128,"column":7}}},"18":{"name":"(anonymous_32)","decl":{"start":{"line":133,"column":10},"end":{"line":133,"column":11}},"loc":{"start":{"line":133,"column":14},"end":{"line":133,"column":32}}},"19":{"name":"(anonymous_33)","decl":{"start":{"line":147,"column":31},"end":{"line":147,"column":32}},"loc":{"start":{"line":147,"column":51},"end":{"line":148,"column":7}}},"20":{"name":"(anonymous_34)","decl":{"start":{"line":155,"column":10},"end":{"line":155,"column":11}},"loc":{"start":{"line":155,"column":14},"end":{"line":155,"column":32}}},"21":{"name":"(anonymous_35)","decl":{"start":{"line":156,"column":10},"end":{"line":156,"column":11}},"loc":{"start":{"line":156,"column":15},"end":{"line":159,"column":5}}},"22":{"name":"(anonymous_36)","decl":{"start":{"line":166,"column":28},"end":{"line":166,"column":29}},"loc":{"start":{"line":166,"column":45},"end":{"line":167,"column":7}}},"23":{"name":"(anonymous_37)","decl":{"start":{"line":174,"column":10},"end":{"line":174,"column":11}},"loc":{"start":{"line":174,"column":14},"end":{"line":174,"column":32}}},"24":{"name":"(anonymous_38)","decl":{"start":{"line":175,"column":10},"end":{"line":175,"column":11}},"loc":{"start":{"line":175,"column":15},"end":{"line":178,"column":5}}},"25":{"name":"(anonymous_39)","decl":{"start":{"line":180,"column":33},"end":{"line":180,"column":34}},"loc":{"start":{"line":180,"column":57},"end":{"line":181,"column":7}}},"26":{"name":"(anonymous_40)","decl":{"start":{"line":188,"column":10},"end":{"line":188,"column":11}},"loc":{"start":{"line":188,"column":14},"end":{"line":188,"column":32}}},"27":{"name":"(anonymous_41)","decl":{"start":{"line":189,"column":10},"end":{"line":189,"column":11}},"loc":{"start":{"line":189,"column":15},"end":{"line":192,"column":5}}},"28":{"name":"(anonymous_42)","decl":{"start":{"line":194,"column":32},"end":{"line":194,"column":33}},"loc":{"start":{"line":194,"column":74},"end":{"line":195,"column":7}}},"29":{"name":"(anonymous_43)","decl":{"start":{"line":202,"column":10},"end":{"line":202,"column":11}},"loc":{"start":{"line":202,"column":14},"end":{"line":202,"column":32}}},"30":{"name":"(anonymous_44)","decl":{"start":{"line":203,"column":10},"end":{"line":203,"column":11}},"loc":{"start":{"line":203,"column":15},"end":{"line":206,"column":5}}},"31":{"name":"(anonymous_45)","decl":{"start":{"line":210,"column":26},"end":{"line":210,"column":null}},"loc":{"start":{"line":210,"column":26},"end":{"line":211,"column":18}}},"32":{"name":"(anonymous_46)","decl":{"start":{"line":217,"column":29},"end":{"line":217,"column":30}},"loc":{"start":{"line":217,"column":58},"end":{"line":218,"column":18}}},"33":{"name":"(anonymous_47)","decl":{"start":{"line":227,"column":25},"end":{"line":227,"column":null}},"loc":{"start":{"line":227,"column":25},"end":{"line":228,"column":7}}},"34":{"name":"(anonymous_48)","decl":{"start":{"line":236,"column":10},"end":{"line":236,"column":11}},"loc":{"start":{"line":236,"column":14},"end":{"line":236,"column":32}}}},"branchMap":{"0":{"loc":{"start":{"line":8,"column":2},"end":{"line":8,"column":69}},"type":"cond-expr","locations":[{"start":{"line":8,"column":11},"end":{"line":8,"column":21}},{"start":{"line":8,"column":24},"end":{"line":8,"column":69}}]},"1":{"loc":{"start":{"line":31,"column":6},"end":{"line":33,"column":7}},"type":"if","locations":[{"start":{"line":31,"column":6},"end":{"line":33,"column":7}}]},"2":{"loc":{"start":{"line":45,"column":4},"end":{"line":45,"column":39}},"type":"switch","locations":[{"start":{"line":45,"column":4},"end":{"line":45,"column":39}},{"start":{"line":54,"column":6},"end":{"line":54,"column":41}},{"start":{"line":56,"column":6},"end":{"line":56,"column":33}}]},"3":{"loc":{"start":{"line":47,"column":8},"end":{"line":47,"column":9}},"type":"if","locations":[{"start":{"line":47,"column":8},"end":{"line":47,"column":9}}]},"4":{"loc":{"start":{"line":49,"column":6},"end":{"line":52,"column":7}},"type":"if","locations":[{"start":{"line":49,"column":6},"end":{"line":52,"column":7}}]},"5":{"loc":{"start":{"line":79,"column":6},"end":{"line":79,"column":42}},"type":"if","locations":[{"start":{"line":79,"column":6},"end":{"line":79,"column":42}}]},"6":{"loc":{"start":{"line":79,"column":10},"end":{"line":79,"column":23}},"type":"cond-expr","locations":[{"start":{"line":79,"column":14},"end":{"line":79,"column":16}},{"start":{"line":79,"column":10},"end":{"line":79,"column":23}}]},"7":{"loc":{"start":{"line":79,"column":10},"end":{"line":79,"column":16}},"type":"binary-expr","locations":[{"start":{"line":79,"column":10},"end":{"line":79,"column":16}},{"start":{"line":79,"column":10},"end":{"line":79,"column":16}}]},"8":{"loc":{"start":{"line":87,"column":6},"end":{"line":87,"column":37}},"type":"if","locations":[{"start":{"line":87,"column":6},"end":{"line":87,"column":37}}]},"9":{"loc":{"start":{"line":87,"column":10},"end":{"line":87,"column":23}},"type":"cond-expr","locations":[{"start":{"line":87,"column":14},"end":{"line":87,"column":16}},{"start":{"line":87,"column":10},"end":{"line":87,"column":23}}]},"10":{"loc":{"start":{"line":87,"column":10},"end":{"line":87,"column":16}},"type":"binary-expr","locations":[{"start":{"line":87,"column":10},"end":{"line":87,"column":16}},{"start":{"line":87,"column":10},"end":{"line":87,"column":16}}]},"11":{"loc":{"start":{"line":99,"column":4},"end":{"line":99,"column":42}},"type":"if","locations":[{"start":{"line":99,"column":4},"end":{"line":99,"column":42}}]},"12":{"loc":{"start":{"line":99,"column":8},"end":{"line":99,"column":21}},"type":"cond-expr","locations":[{"start":{"line":99,"column":12},"end":{"line":99,"column":14}},{"start":{"line":99,"column":8},"end":{"line":99,"column":21}}]},"13":{"loc":{"start":{"line":99,"column":8},"end":{"line":99,"column":14}},"type":"binary-expr","locations":[{"start":{"line":99,"column":8},"end":{"line":99,"column":14}},{"start":{"line":99,"column":8},"end":{"line":99,"column":14}}]},"14":{"loc":{"start":{"line":119,"column":4},"end":{"line":119,"column":35}},"type":"if","locations":[{"start":{"line":119,"column":4},"end":{"line":119,"column":35}}]},"15":{"loc":{"start":{"line":119,"column":8},"end":{"line":119,"column":21}},"type":"cond-expr","locations":[{"start":{"line":119,"column":12},"end":{"line":119,"column":14}},{"start":{"line":119,"column":8},"end":{"line":119,"column":21}}]},"16":{"loc":{"start":{"line":119,"column":8},"end":{"line":119,"column":14}},"type":"binary-expr","locations":[{"start":{"line":119,"column":8},"end":{"line":119,"column":14}},{"start":{"line":119,"column":8},"end":{"line":119,"column":14}}]},"17":{"loc":{"start":{"line":157,"column":6},"end":{"line":157,"column":37}},"type":"if","locations":[{"start":{"line":157,"column":6},"end":{"line":157,"column":37}}]},"18":{"loc":{"start":{"line":157,"column":10},"end":{"line":157,"column":23}},"type":"cond-expr","locations":[{"start":{"line":157,"column":14},"end":{"line":157,"column":16}},{"start":{"line":157,"column":10},"end":{"line":157,"column":23}}]},"19":{"loc":{"start":{"line":157,"column":10},"end":{"line":157,"column":16}},"type":"binary-expr","locations":[{"start":{"line":157,"column":10},"end":{"line":157,"column":16}},{"start":{"line":157,"column":10},"end":{"line":157,"column":16}}]},"20":{"loc":{"start":{"line":176,"column":6},"end":{"line":176,"column":37}},"type":"if","locations":[{"start":{"line":176,"column":6},"end":{"line":176,"column":37}}]},"21":{"loc":{"start":{"line":176,"column":10},"end":{"line":176,"column":23}},"type":"cond-expr","locations":[{"start":{"line":176,"column":14},"end":{"line":176,"column":16}},{"start":{"line":176,"column":10},"end":{"line":176,"column":23}}]},"22":{"loc":{"start":{"line":176,"column":10},"end":{"line":176,"column":16}},"type":"binary-expr","locations":[{"start":{"line":176,"column":10},"end":{"line":176,"column":16}},{"start":{"line":176,"column":10},"end":{"line":176,"column":16}}]},"23":{"loc":{"start":{"line":190,"column":6},"end":{"line":190,"column":37}},"type":"if","locations":[{"start":{"line":190,"column":6},"end":{"line":190,"column":37}}]},"24":{"loc":{"start":{"line":190,"column":10},"end":{"line":190,"column":23}},"type":"cond-expr","locations":[{"start":{"line":190,"column":14},"end":{"line":190,"column":16}},{"start":{"line":190,"column":10},"end":{"line":190,"column":23}}]},"25":{"loc":{"start":{"line":190,"column":10},"end":{"line":190,"column":16}},"type":"binary-expr","locations":[{"start":{"line":190,"column":10},"end":{"line":190,"column":16}},{"start":{"line":190,"column":10},"end":{"line":190,"column":16}}]},"26":{"loc":{"start":{"line":204,"column":6},"end":{"line":204,"column":37}},"type":"if","locations":[{"start":{"line":204,"column":6},"end":{"line":204,"column":37}}]},"27":{"loc":{"start":{"line":204,"column":10},"end":{"line":204,"column":23}},"type":"cond-expr","locations":[{"start":{"line":204,"column":14},"end":{"line":204,"column":16}},{"start":{"line":204,"column":10},"end":{"line":204,"column":23}}]},"28":{"loc":{"start":{"line":204,"column":10},"end":{"line":204,"column":16}},"type":"binary-expr","locations":[{"start":{"line":204,"column":10},"end":{"line":204,"column":16}},{"start":{"line":204,"column":10},"end":{"line":204,"column":16}}]}},"s":{"0":5,"1":5,"2":5,"3":3,"4":0,"5":5,"6":0,"7":0,"8":0,"9":0,"10":0,"11":0,"12":0,"13":5,"14":5,"15":0,"16":0,"17":0,"18":0,"19":0,"20":0,"21":0,"22":0,"23":0,"24":0,"25":0,"26":0,"27":0,"28":0,"29":0,"30":5,"31":5,"32":1,"33":1,"34":1,"35":1,"36":0,"37":5,"38":5,"39":1,"40":1,"41":1,"42":1,"43":0,"44":5,"45":5,"46":1,"47":0,"48":0,"49":0,"50":5,"51":5,"52":0,"53":0,"54":0,"55":0,"56":5,"57":5,"58":1,"59":1,"60":5,"61":5,"62":0,"63":0,"64":0,"65":0,"66":0,"67":5,"68":5,"69":0,"70":0,"71":0,"72":0,"73":0,"74":5,"75":5,"76":0,"77":0,"78":0,"79":0,"80":0,"81":5,"82":5,"83":0,"84":0,"85":0,"86":0,"87":0,"88":5,"89":5,"90":0,"91":5,"92":5,"93":0,"94":5,"95":5,"96":0,"97":0,"98":5},"f":{"0":3,"1":0,"2":0,"3":0,"4":0,"5":0,"6":0,"7":1,"8":1,"9":1,"10":1,"11":1,"12":1,"13":1,"14":0,"15":0,"16":0,"17":1,"18":1,"19":0,"20":0,"21":0,"22":0,"23":0,"24":0,"25":0,"26":0,"27":0,"28":0,"29":0,"30":0,"31":0,"32":0,"33":0,"34":0},"b":{"0":[3,0],"1":[0],"2":[0,0,0],"3":[0],"4":[0],"5":[1],"6":[0,1],"7":[1,1],"8":[1],"9":[0,1],"10":[1,1],"11":[0],"12":[0,0],"13":[0,0],"14":[0],"15":[0,0],"16":[0,0],"17":[0],"18":[0,0],"19":[0,0],"20":[0],"21":[0,0],"22":[0,0],"23":[0],"24":[0,0],"25":[0,0],"26":[0],"27":[0,0],"28":[0,0]}}
,"C:\\Users\\Егор Александрович\\Desktop\\IT\\проеты\\stellar-burgers\\src\\utils\\cookie.ts": {"path":"C:\\Users\\Егор Александрович\\Desktop\\IT\\проеты\\stellar-burgers\\src\\utils\\cookie.ts","statementMap":{"0":{"start":{"line":2,"column":18},"end":{"line":8,"column":null}},"1":{"start":{"line":10,"column":2},"end":{"line":10,"column":62}},"2":{"start":{"line":1,"column":0},"end":{"line":1,"column":16}},"3":{"start":{"line":16,"column":2},"end":{"line":16,"column":null}},"4":{"start":{"line":18,"column":2},"end":{"line":21,"column":4}},"5":{"start":{"line":23,"column":12},"end":{"line":23,"column":25}},"6":{"start":{"line":24,"column":2},"end":{"line":28,"column":3}},"7":{"start":{"line":25,"column":14},"end":{"line":25,"column":24}},"8":{"start":{"line":26,"column":4},"end":{"line":26,"column":40}},"9":{"start":{"line":27,"column":4},"end":{"line":27,"column":28}},"10":{"start":{"line":30,"column":2},"end":{"line":32,"column":3}},"11":{"start":{"line":31,"column":4},"end":{"line":31,"column":38}},"12":{"start":{"line":33,"column":2},"end":{"line":33,"column":36}},"13":{"start":{"line":34,"column":22},"end":{"line":34,"column":40}},"14":{"start":{"line":35,"column":2},"end":{"line":41,"column":3}},"15":{"start":{"line":36,"column":4},"end":{"line":36,"column":37}},"16":{"start":{"line":37,"column":22},"end":{"line":37,"column":37}},"17":{"start":{"line":38,"column":4},"end":{"line":40,"column":5}},"18":{"start":{"line":39,"column":6},"end":{"line":39,"column":39}},"19":{"start":{"line":42,"column":2},"end":{"line":42,"column":34}},"20":{"start":{"line":13,"column":0},"end":{"line":13,"column":16}},"21":{"start":{"line":46,"column":2},"end":{"line":46,"column":39}},"22":{"start":{"line":45,"column":0},"end":{"line":45,"column":16}}},"fnMap":{"0":{"name":"getCookie","decl":{"start":{"line":1,"column":16},"end":{"line":1,"column":25}},"loc":{"start":{"line":1,"column":38},"end":{"line":11,"column":1}}},"1":{"name":"setCookie","decl":{"start":{"line":13,"column":16},"end":{"line":13,"column":25}},"loc":{"start":{"line":16,"column":65},"end":{"line":43,"column":1}}},"2":{"name":"deleteCookie","decl":{"start":{"line":45,"column":16},"end":{"line":45,"column":28}},"loc":{"start":{"line":45,"column":41},"end":{"line":47,"column":1}}}},"branchMap":{"0":{"loc":{"start":{"line":10,"column":9},"end":{"line":10,"column":61}},"type":"cond-expr","locations":[{"start":{"line":10,"column":19},"end":{"line":10,"column":49}},{"start":{"line":10,"column":52},"end":{"line":10,"column":61}}]},"1":{"loc":{"start":{"line":16,"column":2},"end":{"line":16,"column":null}},"type":"if","locations":[{"start":{"line":16,"column":2},"end":{"line":16,"column":null}}]},"2":{"loc":{"start":{"line":24,"column":2},"end":{"line":28,"column":3}},"type":"if","locations":[{"start":{"line":24,"column":2},"end":{"line":28,"column":3}}]},"3":{"loc":{"start":{"line":24,"column":6},"end":{"line":24,"column":36}},"type":"binary-expr","locations":[{"start":{"line":24,"column":6},"end":{"line":24,"column":9}},{"start":{"line":24,"column":13},"end":{"line":24,"column":36}}]},"4":{"loc":{"start":{"line":30,"column":2},"end":{"line":32,"column":3}},"type":"if","locations":[{"start":{"line":30,"column":2},"end":{"line":32,"column":3}}]},"5":{"loc":{"start":{"line":30,"column":6},"end":{"line":30,"column":32}},"type":"binary-expr","locations":[{"start":{"line":30,"column":6},"end":{"line":30,"column":9}},{"start":{"line":30,"column":13},"end":{"line":30,"column":32}}]},"6":{"loc":{"start":{"line":38,"column":4},"end":{"line":40,"column":5}},"type":"if","locations":[{"start":{"line":38,"column":4},"end":{"line":40,"column":5}}]}},"s":{"0":1,"1":0,"2":5,"3":0,"4":0,"5":0,"6":0,"7":0,"8":0,"9":0,"10":0,"11":0,"12":0,"13":0,"14":0,"15":0,"16":0,"17":0,"18":0,"19":0,"20":5,"21":0,"22":5},"f":{"0":1,"1":0,"2":0},"b":{"0":[0,0],"1":[0],"2":[0],"3":[0,0],"4":[0],"5":[0,0],"6":[0]}}
}
