TN:
SF:src\services\rootReducer.ts
FNF:0
FNH:0
DA:1,1
DA:2,1
DA:3,1
DA:4,1
DA:5,1
DA:7,1
LF:6
LH:6
BRF:0
BRH:0
end_of_record
TN:
SF:src\services\slices\feedSlice.ts
FN:26,(anonymous_0)
FN:27,(anonymous_1)
FN:29,(anonymous_2)
FN:30,(anonymous_3)
FN:34,(anonymous_4)
FN:38,(anonymous_5)
FNF:6
FNH:4
FNDA:0,(anonymous_0)
FNDA:0,(anonymous_1)
FNDA:2,(anonymous_2)
FNDA:2,(anonymous_3)
FNDA:1,(anonymous_4)
FNDA:1,(anonymous_5)
DA:1,2
DA:2,2
DA:5,2
DA:14,2
DA:21,2
DA:26,0
DA:27,0
DA:30,2
DA:31,2
DA:32,2
DA:34,2
DA:35,1
DA:36,1
DA:38,2
DA:39,1
DA:40,1
DA:45,2
DA:47,2
LF:18
LH:16
BRF:0
BRH:0
end_of_record
TN:
SF:src\services\slices\ingredientsSlice.ts
FN:41,(anonymous_3)
FN:49,(anonymous_4)
FN:54,(anonymous_5)
FN:57,(anonymous_6)
FN:60,(anonymous_7)
FN:75,(anonymous_8)
FN:83,(anonymous_9)
FN:84,(anonymous_10)
FN:85,(anonymous_11)
FN:87,(anonymous_12)
FN:88,(anonymous_13)
FN:92,(anonymous_14)
FN:96,(anonymous_15)
FNF:13
FNH:9
FNDA:1,(anonymous_3)
FNDA:1,(anonymous_4)
FNDA:1,(anonymous_5)
FNDA:2,(anonymous_6)
FNDA:2,(anonymous_7)
FNDA:0,(anonymous_8)
FNDA:0,(anonymous_9)
FNDA:0,(anonymous_10)
FNDA:0,(anonymous_11)
FNDA:3,(anonymous_12)
FNDA:2,(anonymous_13)
FNDA:1,(anonymous_14)
FNDA:1,(anonymous_15)
DA:1,3
DA:2,3
DA:14,3
DA:26,3
DA:36,3
DA:42,1
DA:43,0
DA:45,1
DA:50,1
DA:51,1
DA:55,1
DA:57,2
DA:64,2
DA:65,2
DA:67,2
DA:68,2
DA:73,2
DA:76,0
DA:83,0
DA:84,0
DA:85,0
DA:88,3
DA:89,2
DA:90,2
DA:92,3
DA:93,1
DA:94,1
DA:96,3
DA:97,1
DA:98,1
DA:103,3
DA:106,3
DA:111,3
LF:33
LH:28
BRDA:42,0,0,0
BRDA:42,0,1,1
BRDA:67,1,0,1
BRDA:67,1,1,1
BRF:4
BRH:3
end_of_record
TN:
SF:src\services\slices\orderSlice.ts
FN:11,(anonymous_13)
FN:11,(anonymous_14)
FN:16,(anonymous_16)
FN:16,(anonymous_17)
FN:42,(anonymous_19)
FN:43,(anonymous_20)
FN:44,(anonymous_21)
FN:45,(anonymous_22)
FN:47,(anonymous_23)
FN:48,(anonymous_24)
FN:52,(anonymous_25)
FN:56,(anonymous_26)
FN:61,(anonymous_27)
FN:65,(anonymous_28)
FN:69,(anonymous_29)
FN:74,(anonymous_30)
FN:78,(anonymous_31)
FN:82,(anonymous_32)
FNF:18
FNH:8
FNDA:0,(anonymous_13)
FNDA:0,(anonymous_14)
FNDA:1,(anonymous_16)
FNDA:2,(anonymous_17)
FNDA:0,(anonymous_19)
FNDA:0,(anonymous_20)
FNDA:0,(anonymous_21)
FNDA:0,(anonymous_22)
FNDA:2,(anonymous_23)
FNDA:0,(anonymous_24)
FNDA:0,(anonymous_25)
FNDA:0,(anonymous_26)
FNDA:2,(anonymous_27)
FNDA:1,(anonymous_28)
FNDA:1,(anonymous_29)
FNDA:2,(anonymous_30)
FNDA:2,(anonymous_31)
FNDA:0,(anonymous_32)
DA:1,2
DA:6,2
DA:9,2
DA:11,0
DA:14,2
DA:16,2
DA:19,2
DA:29,2
DA:37,2
DA:42,0
DA:43,0
DA:44,0
DA:45,0
DA:48,2
DA:49,0
DA:50,0
DA:52,2
DA:53,0
DA:54,0
DA:56,2
DA:57,0
DA:58,0
DA:61,2
DA:62,2
DA:63,2
DA:65,2
DA:66,1
DA:67,1
DA:69,2
DA:70,1
DA:71,1
DA:74,2
DA:75,2
DA:76,2
DA:78,2
DA:79,2
DA:80,2
DA:82,2
DA:83,0
DA:84,0
DA:90,2
DA:96,2
LF:42
LH:29
BRF:0
BRH:0
end_of_record
TN:
SF:src\services\slices\userSlice.ts
FN:16,(anonymous_13)
FN:16,(anonymous_14)
FN:21,(anonymous_16)
FN:21,(anonymous_17)
FN:30,(anonymous_19)
FN:30,(anonymous_20)
FN:52,(anonymous_22)
FN:53,(anonymous_23)
FN:54,(anonymous_24)
FN:55,(anonymous_25)
FN:57,(anonymous_26)
FN:58,(anonymous_27)
FN:62,(anonymous_28)
FN:66,(anonymous_29)
FN:74,(anonymous_30)
FN:78,(anonymous_31)
FN:82,(anonymous_32)
FN:89,(anonymous_33)
FN:95,(anonymous_34)
FN:101,(anonymous_35)
FN:104,(anonymous_36)
FN:107,(anonymous_37)
FNF:22
FNH:1
FNDA:0,(anonymous_13)
FNDA:0,(anonymous_14)
FNDA:0,(anonymous_16)
FNDA:0,(anonymous_17)
FNDA:0,(anonymous_19)
FNDA:0,(anonymous_20)
FNDA:0,(anonymous_22)
FNDA:0,(anonymous_23)
FNDA:0,(anonymous_24)
FNDA:0,(anonymous_25)
FNDA:1,(anonymous_26)
FNDA:0,(anonymous_27)
FNDA:0,(anonymous_28)
FNDA:0,(anonymous_29)
FNDA:0,(anonymous_30)
FNDA:0,(anonymous_31)
FNDA:0,(anonymous_32)
FNDA:0,(anonymous_33)
FNDA:0,(anonymous_34)
FNDA:0,(anonymous_35)
FNDA:0,(anonymous_36)
FNDA:0,(anonymous_37)
DA:1,1
DA:10,1
DA:12,1
DA:14,1
DA:16,0
DA:19,1
DA:21,0
DA:24,1
DA:26,1
DA:28,1
DA:30,0
DA:40,1
DA:47,1
DA:52,0
DA:53,0
DA:54,0
DA:55,0
DA:58,1
DA:59,0
DA:60,0
DA:62,1
DA:63,0
DA:64,0
DA:66,1
DA:67,0
DA:68,0
DA:69,0
DA:70,0
DA:71,0
DA:74,1
DA:75,0
DA:76,0
DA:78,1
DA:79,0
DA:80,0
DA:82,1
DA:83,0
DA:84,0
DA:85,0
DA:86,0
DA:89,1
DA:90,0
DA:91,0
DA:92,0
DA:95,1
DA:96,0
DA:97,0
DA:98,0
DA:101,1
DA:102,0
DA:104,1
DA:105,0
DA:107,1
DA:108,0
DA:113,1
DA:115,1
LF:56
LH:23
BRF:0
BRH:0
end_of_record
TN:
SF:src\utils\burger-api.ts
FN:7,(anonymous_13)
FN:8,(anonymous_14)
FN:19,(anonymous_15)
FN:29,(anonymous_16)
FN:30,(anonymous_17)
FN:39,(anonymous_18)
FN:41,(anonymous_19)
FN:75,(anonymous_21)
FN:77,(anonymous_22)
FN:78,(anonymous_23)
FN:83,(anonymous_24)
FN:85,(anonymous_25)
FN:86,(anonymous_26)
FN:91,(anonymous_27)
FN:98,(anonymous_28)
FN:108,(anonymous_29)
FN:118,(anonymous_30)
FN:127,(anonymous_31)
FN:133,(anonymous_32)
FN:147,(anonymous_33)
FN:155,(anonymous_34)
FN:156,(anonymous_35)
FN:166,(anonymous_36)
FN:174,(anonymous_37)
FN:175,(anonymous_38)
FN:180,(anonymous_39)
FN:188,(anonymous_40)
FN:189,(anonymous_41)
FN:194,(anonymous_42)
FN:202,(anonymous_43)
FN:203,(anonymous_44)
FN:210,(anonymous_45)
FN:217,(anonymous_46)
FN:227,(anonymous_47)
FN:236,(anonymous_48)
FNF:35
FNH:10
FNDA:3,(anonymous_13)
FNDA:0,(anonymous_14)
FNDA:0,(anonymous_15)
FNDA:0,(anonymous_16)
FNDA:0,(anonymous_17)
FNDA:0,(anonymous_18)
FNDA:0,(anonymous_19)
FNDA:1,(anonymous_21)
FNDA:1,(anonymous_22)
FNDA:1,(anonymous_23)
FNDA:1,(anonymous_24)
FNDA:1,(anonymous_25)
FNDA:1,(anonymous_26)
FNDA:1,(anonymous_27)
FNDA:0,(anonymous_28)
FNDA:0,(anonymous_29)
FNDA:0,(anonymous_30)
FNDA:1,(anonymous_31)
FNDA:1,(anonymous_32)
FNDA:0,(anonymous_33)
FNDA:0,(anonymous_34)
FNDA:0,(anonymous_35)
FNDA:0,(anonymous_36)
FNDA:0,(anonymous_37)
FNDA:0,(anonymous_38)
FNDA:0,(anonymous_39)
FNDA:0,(anonymous_40)
FNDA:0,(anonymous_41)
FNDA:0,(anonymous_42)
FNDA:0,(anonymous_43)
FNDA:0,(anonymous_44)
FNDA:0,(anonymous_45)
FNDA:0,(anonymous_46)
FNDA:0,(anonymous_47)
FNDA:0,(anonymous_48)
DA:1,5
DA:5,5
DA:7,5
DA:8,3
DA:19,5
DA:20,0
DA:29,0
DA:31,0
DA:32,0
DA:34,0
DA:35,0
DA:36,0
DA:39,5
DA:41,0
DA:44,0
DA:45,0
DA:47,0
DA:48,0
DA:49,0
DA:50,0
DA:53,0
DA:54,0
DA:56,0
DA:75,5
DA:76,1
DA:77,1
DA:79,1
DA:80,0
DA:83,5
DA:84,1
DA:85,1
DA:87,1
DA:88,0
DA:91,5
DA:92,1
DA:99,0
DA:100,0
DA:108,5
DA:109,0
DA:119,0
DA:120,0
DA:127,5
DA:128,1
DA:133,1
DA:147,5
DA:148,0
DA:155,0
DA:157,0
DA:158,0
DA:166,5
DA:167,0
DA:174,0
DA:176,0
DA:177,0
DA:180,5
DA:181,0
DA:188,0
DA:190,0
DA:191,0
DA:194,5
DA:195,0
DA:202,0
DA:204,0
DA:205,0
DA:210,5
DA:211,0
DA:217,5
DA:218,0
DA:227,5
DA:228,0
DA:236,0
LF:71
LH:27
BRDA:8,0,0,3
BRDA:8,0,1,0
BRDA:31,1,0,0
BRDA:45,2,0,0
BRDA:45,2,1,0
BRDA:45,2,2,0
BRDA:47,3,0,0
BRDA:49,4,0,0
BRDA:79,5,0,1
BRDA:79,6,0,0
BRDA:79,6,1,1
BRDA:79,7,0,1
BRDA:79,7,1,1
BRDA:87,8,0,1
BRDA:87,9,0,0
BRDA:87,9,1,1
BRDA:87,10,0,1
BRDA:87,10,1,1
BRDA:99,11,0,0
BRDA:99,12,0,0
BRDA:99,12,1,0
BRDA:99,13,0,0
BRDA:99,13,1,0
BRDA:119,14,0,0
BRDA:119,15,0,0
BRDA:119,15,1,0
BRDA:119,16,0,0
BRDA:119,16,1,0
BRDA:157,17,0,0
BRDA:157,18,0,0
BRDA:157,18,1,0
BRDA:157,19,0,0
BRDA:157,19,1,0
BRDA:176,20,0,0
BRDA:176,21,0,0
BRDA:176,21,1,0
BRDA:176,22,0,0
BRDA:176,22,1,0
BRDA:190,23,0,0
BRDA:190,24,0,0
BRDA:190,24,1,0
BRDA:190,25,0,0
BRDA:190,25,1,0
BRDA:204,26,0,0
BRDA:204,27,0,0
BRDA:204,27,1,0
BRDA:204,28,0,0
BRDA:204,28,1,0
BRF:48
BRH:9
end_of_record
TN:
SF:src\utils\cookie.ts
FN:1,getCookie
FN:13,setCookie
FN:45,deleteCookie
FNF:3
FNH:1
FNDA:1,getCookie
FNDA:0,setCookie
FNDA:0,deleteCookie
DA:1,5
DA:2,1
DA:10,0
DA:13,5
DA:16,0
DA:18,0
DA:23,0
DA:24,0
DA:25,0
DA:26,0
DA:27,0
DA:30,0
DA:31,0
DA:33,0
DA:34,0
DA:35,0
DA:36,0
DA:37,0
DA:38,0
DA:39,0
DA:42,0
DA:45,5
DA:46,0
LF:23
LH:4
BRDA:10,0,0,0
BRDA:10,0,1,0
BRDA:16,1,0,0
BRDA:24,2,0,0
BRDA:24,3,0,0
BRDA:24,3,1,0
BRDA:30,4,0,0
BRDA:30,5,0,0
BRDA:30,5,1,0
BRDA:38,6,0,0
BRF:10
BRH:0
end_of_record
